<?xml version="1.0" encoding="UTF-8"?>
<!-- Generated by org.testng.reporters.JUnitXMLReporter -->
<testsuite ignored="0" hostname="INLN34409070A" failures="0" tests="5" name="Default test" time="0.264" errors="0" timestamp="2021-12-25T12:55:27 IST">
  <testcase classname="ExcelTutorial.ExcelTutorial.ExcelTest" name="testcase2" time="0.033"/>
  <testcase classname="ExcelTutorial.ExcelTutorial.ExcelTest" name="testcase1" time="0.001"/>
  <testcase classname="ExcelTutorial.ExcelTutorial.ExcelTest" name="testcase3" time="0.001"/>
  <testcase classname="ExcelTutorial.ExcelTutorial.ExcelTest" name="testcase4" time="0.041"/>
  <testcase classname="ExcelTutorial.ExcelTutorial.ExcelTest" name="testcase5" time="0.148"/>
</testsuite> <!-- Default test -->
