<?xml version="1.0" encoding="UTF-8"?>
<testng-results ignored="0" total="5" passed="5" failed="0" skipped="0">
  <reporter-output>
  </reporter-output>
  <suite started-at="2021-12-25T12:55:27 IST" name="Default suite" finished-at="2021-12-25T12:55:27 IST" duration-ms="264">
    <groups>
    </groups>
    <test started-at="2021-12-25T12:55:27 IST" name="Default test" finished-at="2021-12-25T12:55:27 IST" duration-ms="264">
      <class name="ExcelTutorial.ExcelTutorial.ExcelTest">
        <test-method signature="testcase2()[pri:1, instance:ExcelTutorial.ExcelTutorial.ExcelTest@35645047]" started-at="2021-12-25T12:55:27 IST" name="testcase2" finished-at="2021-12-25T12:55:27 IST" duration-ms="33" status="PASS">
          <reporter-output>
          </reporter-output>
        </test-method> <!-- testcase2 -->
        <test-method signature="testcase1()[pri:2, instance:ExcelTutorial.ExcelTutorial.ExcelTest@35645047]" started-at="2021-12-25T12:55:27 IST" name="testcase1" finished-at="2021-12-25T12:55:27 IST" duration-ms="1" status="PASS">
          <reporter-output>
          </reporter-output>
        </test-method> <!-- testcase1 -->
        <test-method signature="testcase3()[pri:3, instance:ExcelTutorial.ExcelTutorial.ExcelTest@35645047]" started-at="2021-12-25T12:55:27 IST" name="testcase3" finished-at="2021-12-25T12:55:27 IST" duration-ms="1" status="PASS">
          <reporter-output>
          </reporter-output>
        </test-method> <!-- testcase3 -->
        <test-method signature="testcase4()[pri:4, instance:ExcelTutorial.ExcelTutorial.ExcelTest@35645047]" started-at="2021-12-25T12:55:27 IST" name="testcase4" finished-at="2021-12-25T12:55:27 IST" duration-ms="41" status="PASS">
          <reporter-output>
          </reporter-output>
        </test-method> <!-- testcase4 -->
        <test-method signature="testcase5()[pri:5, instance:ExcelTutorial.ExcelTutorial.ExcelTest@35645047]" started-at="2021-12-25T12:55:27 IST" name="testcase5" finished-at="2021-12-25T12:55:27 IST" duration-ms="148" status="PASS">
          <reporter-output>
          </reporter-output>
        </test-method> <!-- testcase5 -->
      </class> <!-- ExcelTutorial.ExcelTutorial.ExcelTest -->
    </test> <!-- Default test -->
  </suite> <!-- Default suite -->
</testng-results>
